mode: atomic
github.com/decabits/vwo-golang-sdk/utils/campaign.go:12.117,24.39 2 2
github.com/decabits/vwo-golang-sdk/utils/campaign.go:40.2,40.34 1 2
github.com/decabits/vwo-golang-sdk/utils/campaign.go:24.39,26.22 2 3
github.com/decabits/vwo-golang-sdk/utils/campaign.go:35.3,38.75 4 3
github.com/decabits/vwo-golang-sdk/utils/campaign.go:26.22,30.4 3 1
github.com/decabits/vwo-golang-sdk/utils/campaign.go:30.9,33.4 2 2
github.com/decabits/vwo-golang-sdk/utils/campaign.go:44.53,52.17 1 111
github.com/decabits/vwo-golang-sdk/utils/campaign.go:55.2,56.51 2 78
github.com/decabits/vwo-golang-sdk/utils/campaign.go:52.17,54.3 1 33
github.com/decabits/vwo-golang-sdk/utils/campaign.go:60.97,68.50 1 2
github.com/decabits/vwo-golang-sdk/utils/campaign.go:73.2,73.91 1 1
github.com/decabits/vwo-golang-sdk/utils/campaign.go:68.50,69.34 1 6
github.com/decabits/vwo-golang-sdk/utils/campaign.go:69.34,71.4 1 1
github.com/decabits/vwo-golang-sdk/utils/campaign.go:77.72,86.39 2 2
github.com/decabits/vwo-golang-sdk/utils/campaign.go:89.2,89.20 1 2
github.com/decabits/vwo-golang-sdk/utils/campaign.go:99.2,99.19 1 2
github.com/decabits/vwo-golang-sdk/utils/campaign.go:86.39,88.3 1 3
github.com/decabits/vwo-golang-sdk/utils/campaign.go:89.20,91.29 2 1
github.com/decabits/vwo-golang-sdk/utils/campaign.go:91.29,93.4 1 2
github.com/decabits/vwo-golang-sdk/utils/campaign.go:94.8,95.40 1 1
github.com/decabits/vwo-golang-sdk/utils/campaign.go:95.40,97.4 1 1
github.com/decabits/vwo-golang-sdk/utils/campaign.go:103.92,112.29 2 2
github.com/decabits/vwo-golang-sdk/utils/campaign.go:117.2,117.86 1 1
github.com/decabits/vwo-golang-sdk/utils/campaign.go:112.29,113.40 1 3
github.com/decabits/vwo-golang-sdk/utils/campaign.go:113.40,115.4 1 1
github.com/decabits/vwo-golang-sdk/utils/campaign.go:121.101,129.35 1 3
github.com/decabits/vwo-golang-sdk/utils/campaign.go:132.2,132.48 1 2
github.com/decabits/vwo-golang-sdk/utils/campaign.go:137.2,137.109 1 1
github.com/decabits/vwo-golang-sdk/utils/campaign.go:129.35,131.3 1 1
github.com/decabits/vwo-golang-sdk/utils/campaign.go:132.48,133.38 1 4
github.com/decabits/vwo-golang-sdk/utils/campaign.go:133.38,135.4 1 1
github.com/decabits/vwo-golang-sdk/utils/campaign.go:141.69,149.48 1 2
github.com/decabits/vwo-golang-sdk/utils/campaign.go:154.2,154.27 1 1
github.com/decabits/vwo-golang-sdk/utils/campaign.go:149.48,150.24 1 2
github.com/decabits/vwo-golang-sdk/utils/campaign.go:150.24,152.4 1 1
github.com/decabits/vwo-golang-sdk/utils/campaign.go:157.24,158.11 1 81
github.com/decabits/vwo-golang-sdk/utils/campaign.go:161.2,161.10 1 33
github.com/decabits/vwo-golang-sdk/utils/campaign.go:158.11,160.3 1 48
github.com/decabits/vwo-golang-sdk/utils/campaign.go:164.24,165.11 1 3
github.com/decabits/vwo-golang-sdk/utils/campaign.go:168.2,168.10 1 2
github.com/decabits/vwo-golang-sdk/utils/campaign.go:165.11,167.3 1 1
github.com/decabits/vwo-golang-sdk/utils/connection.go:12.45,22.16 2 3
github.com/decabits/vwo-golang-sdk/utils/connection.go:25.2,27.16 3 2
github.com/decabits/vwo-golang-sdk/utils/connection.go:30.2,30.32 1 2
github.com/decabits/vwo-golang-sdk/utils/connection.go:33.2,33.26 1 1
github.com/decabits/vwo-golang-sdk/utils/connection.go:22.16,24.3 1 1
github.com/decabits/vwo-golang-sdk/utils/connection.go:27.16,29.3 1 0
github.com/decabits/vwo-golang-sdk/utils/connection.go:30.32,32.3 1 1
github.com/decabits/vwo-golang-sdk/utils/feature.go:11.93,20.37 1 4
github.com/decabits/vwo-golang-sdk/utils/feature.go:25.2,25.26 1 2
github.com/decabits/vwo-golang-sdk/utils/feature.go:20.37,21.34 1 4
github.com/decabits/vwo-golang-sdk/utils/feature.go:21.34,23.4 1 2
github.com/decabits/vwo-golang-sdk/utils/feature.go:29.157,40.33 2 2
github.com/decabits/vwo-golang-sdk/utils/feature.go:48.2,50.64 3 2
github.com/decabits/vwo-golang-sdk/utils/feature.go:40.33,47.3 5 0
github.com/decabits/vwo-golang-sdk/utils/general.go:8.76,17.2 1 4
github.com/decabits/vwo-golang-sdk/utils/general.go:20.68,29.24 1 2
github.com/decabits/vwo-golang-sdk/utils/general.go:32.2,32.16 1 1
github.com/decabits/vwo-golang-sdk/utils/general.go:29.24,31.3 1 1
github.com/decabits/vwo-golang-sdk/utils/impression.go:15.113,36.2 9 2
github.com/decabits/vwo-golang-sdk/utils/impression.go:39.154,58.21 6 1
github.com/decabits/vwo-golang-sdk/utils/impression.go:62.2,66.19 4 1
github.com/decabits/vwo-golang-sdk/utils/impression.go:58.21,60.3 1 1
github.com/decabits/vwo-golang-sdk/utils/impression.go:70.133,93.2 9 1
github.com/decabits/vwo-golang-sdk/utils/impression.go:96.91,114.2 1 5
github.com/decabits/vwo-golang-sdk/utils/logger.go:9.78,20.15 3 17
github.com/decabits/vwo-golang-sdk/utils/logger.go:21.22,22.31 1 17
github.com/decabits/vwo-golang-sdk/utils/logger.go:23.23,24.32 1 0
github.com/decabits/vwo-golang-sdk/utils/logger.go:25.10,26.49 1 0
github.com/decabits/vwo-golang-sdk/utils/uuid.go:16.87,36.2 9 8
