mode: set
github.com/decabits/vwo-golang-sdk/core/segmentor.go:12.85,15.43 2 1
github.com/decabits/vwo-golang-sdk/core/segmentor.go:34.2,34.13 1 0
github.com/decabits/vwo-golang-sdk/core/segmentor.go:15.43,17.3 1 0
github.com/decabits/vwo-golang-sdk/core/segmentor.go:17.8,17.50 1 1
github.com/decabits/vwo-golang-sdk/core/segmentor.go:17.50,19.49 2 1
github.com/decabits/vwo-golang-sdk/core/segmentor.go:22.3,22.42 1 1
github.com/decabits/vwo-golang-sdk/core/segmentor.go:19.49,21.4 1 1
github.com/decabits/vwo-golang-sdk/core/segmentor.go:23.8,23.49 1 1
github.com/decabits/vwo-golang-sdk/core/segmentor.go:23.49,25.49 2 1
github.com/decabits/vwo-golang-sdk/core/segmentor.go:28.3,28.42 1 1
github.com/decabits/vwo-golang-sdk/core/segmentor.go:25.49,27.4 1 1
github.com/decabits/vwo-golang-sdk/core/segmentor.go:29.8,29.61 1 1
github.com/decabits/vwo-golang-sdk/core/segmentor.go:29.61,31.3 1 0
github.com/decabits/vwo-golang-sdk/core/segmentor.go:31.8,31.51 1 1
github.com/decabits/vwo-golang-sdk/core/segmentor.go:31.51,33.3 1 1
github.com/decabits/vwo-golang-sdk/core/segmentor.go:37.73,38.43 1 1
github.com/decabits/vwo-golang-sdk/core/segmentor.go:53.2,53.14 1 1
github.com/decabits/vwo-golang-sdk/core/segmentor.go:38.43,39.25 1 1
github.com/decabits/vwo-golang-sdk/core/segmentor.go:44.3,44.14 1 1
github.com/decabits/vwo-golang-sdk/core/segmentor.go:39.25,40.18 1 1
github.com/decabits/vwo-golang-sdk/core/segmentor.go:40.18,42.5 1 1
github.com/decabits/vwo-golang-sdk/core/segmentor.go:45.8,45.49 1 1
github.com/decabits/vwo-golang-sdk/core/segmentor.go:45.49,46.25 1 1
github.com/decabits/vwo-golang-sdk/core/segmentor.go:51.3,51.15 1 1
github.com/decabits/vwo-golang-sdk/core/segmentor.go:46.25,47.17 1 1
github.com/decabits/vwo-golang-sdk/core/segmentor.go:47.17,49.5 1 1
github.com/decabits/vwo-golang-sdk/core/segmentor.go:56.90,59.9 3 0
github.com/decabits/vwo-golang-sdk/core/segmentor.go:62.2,66.71 5 0
github.com/decabits/vwo-golang-sdk/core/segmentor.go:59.9,61.3 1 0
github.com/decabits/vwo-golang-sdk/core/segmentor.go:69.73,71.21 2 1
github.com/decabits/vwo-golang-sdk/core/segmentor.go:93.2,93.15 1 1
github.com/decabits/vwo-golang-sdk/core/segmentor.go:72.28,73.21 1 1
github.com/decabits/vwo-golang-sdk/core/segmentor.go:76.41,77.21 1 1
github.com/decabits/vwo-golang-sdk/core/segmentor.go:80.35,81.21 1 1
github.com/decabits/vwo-golang-sdk/core/segmentor.go:84.33,85.21 1 1
github.com/decabits/vwo-golang-sdk/core/segmentor.go:88.28,89.52 1 1
github.com/decabits/vwo-golang-sdk/core/segmentor.go:90.10,91.36 1 1
github.com/decabits/vwo-golang-sdk/core/segmentor.go:73.21,75.4 1 1
github.com/decabits/vwo-golang-sdk/core/segmentor.go:77.21,79.4 1 1
github.com/decabits/vwo-golang-sdk/core/segmentor.go:81.21,83.4 1 1
github.com/decabits/vwo-golang-sdk/core/segmentor.go:85.21,87.4 1 1
github.com/decabits/vwo-golang-sdk/core/segmentor.go:96.69,98.29 2 1
github.com/decabits/vwo-golang-sdk/core/segmentor.go:103.2,103.14 1 1
github.com/decabits/vwo-golang-sdk/core/segmentor.go:98.29,99.51 1 1
github.com/decabits/vwo-golang-sdk/core/segmentor.go:99.51,101.4 1 1
github.com/decabits/vwo-golang-sdk/core/variationDecider.go:30.142,47.16 3 1
github.com/decabits/vwo-golang-sdk/core/variationDecider.go:54.2,55.16 2 1
github.com/decabits/vwo-golang-sdk/core/variationDecider.go:58.2,58.25 1 1
github.com/decabits/vwo-golang-sdk/core/variationDecider.go:63.2,63.117 1 1
github.com/decabits/vwo-golang-sdk/core/variationDecider.go:75.2,75.79 1 1
github.com/decabits/vwo-golang-sdk/core/variationDecider.go:47.16,49.3 1 1
github.com/decabits/vwo-golang-sdk/core/variationDecider.go:49.8,52.3 2 1
github.com/decabits/vwo-golang-sdk/core/variationDecider.go:55.16,57.3 1 1
github.com/decabits/vwo-golang-sdk/core/variationDecider.go:58.25,61.3 2 0
github.com/decabits/vwo-golang-sdk/core/variationDecider.go:63.117,65.17 2 1
github.com/decabits/vwo-golang-sdk/core/variationDecider.go:68.3,68.38 1 1
github.com/decabits/vwo-golang-sdk/core/variationDecider.go:71.3,72.24 2 1
github.com/decabits/vwo-golang-sdk/core/variationDecider.go:65.17,67.4 1 1
github.com/decabits/vwo-golang-sdk/core/variationDecider.go:68.38,70.4 1 0
github.com/decabits/vwo-golang-sdk/core/variationDecider.go:79.151,80.41 1 1
github.com/decabits/vwo-golang-sdk/core/variationDecider.go:83.2,86.38 4 1
github.com/decabits/vwo-golang-sdk/core/variationDecider.go:100.2,100.32 1 1
github.com/decabits/vwo-golang-sdk/core/variationDecider.go:80.41,82.3 1 1
github.com/decabits/vwo-golang-sdk/core/variationDecider.go:86.38,88.3 1 1
github.com/decabits/vwo-golang-sdk/core/variationDecider.go:88.8,88.45 1 1
github.com/decabits/vwo-golang-sdk/core/variationDecider.go:88.45,90.3 1 1
github.com/decabits/vwo-golang-sdk/core/variationDecider.go:90.8,96.17 6 1
github.com/decabits/vwo-golang-sdk/core/variationDecider.go:96.17,98.4 1 1
github.com/decabits/vwo-golang-sdk/core/variationDecider.go:104.123,105.38 1 1
github.com/decabits/vwo-golang-sdk/core/variationDecider.go:108.2,111.44 3 0
github.com/decabits/vwo-golang-sdk/core/variationDecider.go:105.38,107.3 1 1
github.com/decabits/vwo-golang-sdk/core/variationDecider.go:115.151,118.48 2 1
github.com/decabits/vwo-golang-sdk/core/variationDecider.go:128.2,128.34 1 1
github.com/decabits/vwo-golang-sdk/core/variationDecider.go:118.48,119.35 1 1
github.com/decabits/vwo-golang-sdk/core/variationDecider.go:122.3,123.13 2 1
github.com/decabits/vwo-golang-sdk/core/variationDecider.go:126.3,126.94 1 1
github.com/decabits/vwo-golang-sdk/core/variationDecider.go:119.35,121.4 1 1
github.com/decabits/vwo-golang-sdk/core/variationDecider.go:123.13,125.4 1 1
github.com/decabits/vwo-golang-sdk/core/variationDecider.go:132.116,133.24 1 1
github.com/decabits/vwo-golang-sdk/core/variationDecider.go:137.2,137.44 1 1
github.com/decabits/vwo-golang-sdk/core/variationDecider.go:133.24,136.3 2 1
github.com/decabits/vwo-golang-sdk/core/variationDecider.go:141.119,142.24 1 1
github.com/decabits/vwo-golang-sdk/core/variationDecider.go:146.2,146.44 1 1
github.com/decabits/vwo-golang-sdk/core/variationDecider.go:142.24,145.3 2 1
github.com/decabits/vwo-golang-sdk/core/bucketer.go:15.101,26.39 1 1
github.com/decabits/vwo-golang-sdk/core/bucketer.go:31.2,31.62 1 1
github.com/decabits/vwo-golang-sdk/core/bucketer.go:26.39,27.107 1 1
github.com/decabits/vwo-golang-sdk/core/bucketer.go:27.107,29.4 1 1
github.com/decabits/vwo-golang-sdk/core/bucketer.go:35.109,55.2 7 1
github.com/decabits/vwo-golang-sdk/core/bucketer.go:58.105,68.35 1 1
github.com/decabits/vwo-golang-sdk/core/bucketer.go:71.2,74.19 4 1
github.com/decabits/vwo-golang-sdk/core/bucketer.go:68.35,70.3 1 1
github.com/decabits/vwo-golang-sdk/core/bucketer.go:78.127,89.35 1 1
github.com/decabits/vwo-golang-sdk/core/bucketer.go:92.2,94.63 3 1
github.com/decabits/vwo-golang-sdk/core/bucketer.go:89.35,91.3 1 1
github.com/decabits/vwo-golang-sdk/core/bucketer.go:98.28,102.2 3 1
