mode: set
github.com/decabits/vwo-golang-sdk/utils/uuid.go:13.87,29.2 7 1
github.com/decabits/vwo-golang-sdk/utils/campaign.go:12.117,24.39 2 1
github.com/decabits/vwo-golang-sdk/utils/campaign.go:37.2,37.34 1 1
github.com/decabits/vwo-golang-sdk/utils/campaign.go:24.39,26.22 2 1
github.com/decabits/vwo-golang-sdk/utils/campaign.go:34.3,35.75 2 1
github.com/decabits/vwo-golang-sdk/utils/campaign.go:26.22,30.4 3 1
github.com/decabits/vwo-golang-sdk/utils/campaign.go:30.9,33.4 2 1
github.com/decabits/vwo-golang-sdk/utils/campaign.go:41.53,49.17 1 1
github.com/decabits/vwo-golang-sdk/utils/campaign.go:52.2,53.51 2 1
github.com/decabits/vwo-golang-sdk/utils/campaign.go:49.17,51.3 1 1
github.com/decabits/vwo-golang-sdk/utils/campaign.go:57.97,65.50 1 1
github.com/decabits/vwo-golang-sdk/utils/campaign.go:70.2,70.60 1 1
github.com/decabits/vwo-golang-sdk/utils/campaign.go:65.50,66.34 1 1
github.com/decabits/vwo-golang-sdk/utils/campaign.go:66.34,68.4 1 1
github.com/decabits/vwo-golang-sdk/utils/campaign.go:74.72,83.39 2 1
github.com/decabits/vwo-golang-sdk/utils/campaign.go:86.2,86.20 1 1
github.com/decabits/vwo-golang-sdk/utils/campaign.go:96.2,96.19 1 1
github.com/decabits/vwo-golang-sdk/utils/campaign.go:83.39,85.3 1 1
github.com/decabits/vwo-golang-sdk/utils/campaign.go:86.20,88.29 2 1
github.com/decabits/vwo-golang-sdk/utils/campaign.go:88.29,90.4 1 1
github.com/decabits/vwo-golang-sdk/utils/campaign.go:91.8,92.40 1 1
github.com/decabits/vwo-golang-sdk/utils/campaign.go:92.40,94.4 1 1
github.com/decabits/vwo-golang-sdk/utils/campaign.go:100.92,109.29 2 1
github.com/decabits/vwo-golang-sdk/utils/campaign.go:114.2,114.52 1 1
github.com/decabits/vwo-golang-sdk/utils/campaign.go:109.29,110.40 1 1
github.com/decabits/vwo-golang-sdk/utils/campaign.go:110.40,112.4 1 1
github.com/decabits/vwo-golang-sdk/utils/campaign.go:118.101,126.35 1 1
github.com/decabits/vwo-golang-sdk/utils/campaign.go:129.2,129.48 1 1
github.com/decabits/vwo-golang-sdk/utils/campaign.go:134.2,134.70 1 1
github.com/decabits/vwo-golang-sdk/utils/campaign.go:126.35,128.3 1 1
github.com/decabits/vwo-golang-sdk/utils/campaign.go:129.48,130.38 1 1
github.com/decabits/vwo-golang-sdk/utils/campaign.go:130.38,132.4 1 1
github.com/decabits/vwo-golang-sdk/utils/campaign.go:138.69,146.48 1 1
github.com/decabits/vwo-golang-sdk/utils/campaign.go:151.2,151.27 1 1
github.com/decabits/vwo-golang-sdk/utils/campaign.go:146.48,147.24 1 1
github.com/decabits/vwo-golang-sdk/utils/campaign.go:147.24,149.4 1 1
github.com/decabits/vwo-golang-sdk/utils/campaign.go:154.24,155.11 1 1
github.com/decabits/vwo-golang-sdk/utils/campaign.go:158.2,158.10 1 1
github.com/decabits/vwo-golang-sdk/utils/campaign.go:155.11,157.3 1 1
github.com/decabits/vwo-golang-sdk/utils/campaign.go:161.24,162.11 1 1
github.com/decabits/vwo-golang-sdk/utils/campaign.go:165.2,165.10 1 1
github.com/decabits/vwo-golang-sdk/utils/campaign.go:162.11,164.3 1 1
github.com/decabits/vwo-golang-sdk/utils/connection.go:10.45,20.16 2 1
github.com/decabits/vwo-golang-sdk/utils/connection.go:23.2,25.16 3 1
github.com/decabits/vwo-golang-sdk/utils/connection.go:28.2,28.32 1 1
github.com/decabits/vwo-golang-sdk/utils/connection.go:31.2,31.26 1 1
github.com/decabits/vwo-golang-sdk/utils/connection.go:20.16,22.3 1 1
github.com/decabits/vwo-golang-sdk/utils/connection.go:25.16,27.3 1 0
github.com/decabits/vwo-golang-sdk/utils/connection.go:28.32,30.3 1 1
github.com/decabits/vwo-golang-sdk/utils/feature.go:8.93,17.37 1 1
github.com/decabits/vwo-golang-sdk/utils/feature.go:22.2,22.26 1 1
github.com/decabits/vwo-golang-sdk/utils/feature.go:17.37,18.34 1 1
github.com/decabits/vwo-golang-sdk/utils/feature.go:18.34,20.4 1 1
github.com/decabits/vwo-golang-sdk/utils/feature.go:26.157,36.33 1 1
github.com/decabits/vwo-golang-sdk/utils/feature.go:41.2,42.64 2 1
github.com/decabits/vwo-golang-sdk/utils/feature.go:36.33,40.3 3 0
github.com/decabits/vwo-golang-sdk/utils/general.go:8.76,17.2 1 1
github.com/decabits/vwo-golang-sdk/utils/general.go:20.68,29.24 1 1
github.com/decabits/vwo-golang-sdk/utils/general.go:32.2,32.16 1 1
github.com/decabits/vwo-golang-sdk/utils/general.go:29.24,31.3 1 1
github.com/decabits/vwo-golang-sdk/utils/impression.go:14.113,31.2 7 1
github.com/decabits/vwo-golang-sdk/utils/impression.go:34.154,53.21 6 1
github.com/decabits/vwo-golang-sdk/utils/impression.go:57.2,58.19 2 1
github.com/decabits/vwo-golang-sdk/utils/impression.go:53.21,55.3 1 1
github.com/decabits/vwo-golang-sdk/utils/impression.go:62.133,82.2 7 1
github.com/decabits/vwo-golang-sdk/utils/impression.go:85.91,103.2 1 1
github.com/decabits/vwo-golang-sdk/utils/segments.go:13.60,14.22 1 1
github.com/decabits/vwo-golang-sdk/utils/segments.go:19.2,19.23 1 1
github.com/decabits/vwo-golang-sdk/utils/segments.go:16.12,17.42 1 1
github.com/decabits/vwo-golang-sdk/utils/segments.go:23.89,24.60 1 0
github.com/decabits/vwo-golang-sdk/utils/segments.go:47.2,47.8 1 0
github.com/decabits/vwo-golang-sdk/utils/segments.go:24.60,27.3 2 0
github.com/decabits/vwo-golang-sdk/utils/segments.go:27.8,27.70 1 0
github.com/decabits/vwo-golang-sdk/utils/segments.go:27.70,32.33 4 0
github.com/decabits/vwo-golang-sdk/utils/segments.go:39.3,39.126 1 0
github.com/decabits/vwo-golang-sdk/utils/segments.go:32.33,34.4 1 0
github.com/decabits/vwo-golang-sdk/utils/segments.go:34.9,34.26 1 0
github.com/decabits/vwo-golang-sdk/utils/segments.go:34.26,36.4 1 0
github.com/decabits/vwo-golang-sdk/utils/segments.go:36.9,36.24 1 0
github.com/decabits/vwo-golang-sdk/utils/segments.go:36.24,38.4 1 0
github.com/decabits/vwo-golang-sdk/utils/segments.go:40.8,40.67 1 0
github.com/decabits/vwo-golang-sdk/utils/segments.go:40.67,43.3 2 0
github.com/decabits/vwo-golang-sdk/utils/segments.go:43.8,46.3 2 0
github.com/decabits/vwo-golang-sdk/utils/segments.go:51.80,53.16 2 0
github.com/decabits/vwo-golang-sdk/utils/segments.go:56.2,57.16 2 0
github.com/decabits/vwo-golang-sdk/utils/segments.go:63.2,64.64 2 0
github.com/decabits/vwo-golang-sdk/utils/segments.go:67.2,67.56 1 0
github.com/decabits/vwo-golang-sdk/utils/segments.go:71.2,71.83 1 0
github.com/decabits/vwo-golang-sdk/utils/segments.go:53.16,55.3 1 0
github.com/decabits/vwo-golang-sdk/utils/segments.go:57.16,59.3 1 0
github.com/decabits/vwo-golang-sdk/utils/segments.go:64.64,66.3 1 0
github.com/decabits/vwo-golang-sdk/utils/segments.go:67.56,69.3 1 0
github.com/decabits/vwo-golang-sdk/utils/segments.go:74.49,76.42 2 1
github.com/decabits/vwo-golang-sdk/utils/segments.go:79.2,79.14 1 1
github.com/decabits/vwo-golang-sdk/utils/segments.go:76.42,78.3 1 1
github.com/decabits/vwo-golang-sdk/utils/segments.go:82.56,85.26 3 0
github.com/decabits/vwo-golang-sdk/utils/segments.go:88.2,88.11 1 0
github.com/decabits/vwo-golang-sdk/utils/segments.go:85.26,87.3 1 0
